The system is: Linux - 2.6.32-358.23.2.el6.x86_64 - x86_64
Compiling the C compiler identification source file "CMakeCCompilerId.c" succeeded.
Compiler: /usr/lib64/ccache/cc 
Build flags: 
Id flags: 

The output was:
0


Compilation of the C compiler identification source "CMakeCCompilerId.c" produced "a.out"

The C compiler identification is GNU, found in "/ccs/home/feiteng/twistercpp/build/CMakeFiles/2.8.10.2/CompilerIdC/a.out"

Compiling the CXX compiler identification source file "CMakeCXXCompilerId.cpp" succeeded.
Compiler: /usr/lib64/ccache/c++ 
Build flags: 
Id flags: 

The output was:
0


Compilation of the CXX compiler identification source "CMakeCXXCompilerId.cpp" produced "a.out"

The CXX compiler identification is GNU, found in "/ccs/home/feiteng/twistercpp/build/CMakeFiles/2.8.10.2/CompilerIdCXX/a.out"

Determining if the C compiler works passed with the following output:
Change Dir: /ccs/home/feiteng/twistercpp/build/CMakeFiles/CMakeTmp

Run Build Command:/usr/bin/gmake "cmTryCompileExec662958559/fast"
/usr/bin/gmake -f CMakeFiles/cmTryCompileExec662958559.dir/build.make CMakeFiles/cmTryCompileExec662958559.dir/build
gmake[1]: Entering directory `/autofs/na3_home1/feiteng/twistercpp/build/CMakeFiles/CMakeTmp'
/autofs/na4_sw/sith/cmake/2.8.10.2/rhel6_gnu4.4.6/bin/cmake -E cmake_progress_report /ccs/home/feiteng/twistercpp/build/CMakeFiles/CMakeTmp/CMakeFiles 1
Building C object CMakeFiles/cmTryCompileExec662958559.dir/testCCompiler.c.o
/usr/lib64/ccache/cc    -o CMakeFiles/cmTryCompileExec662958559.dir/testCCompiler.c.o   -c /ccs/home/feiteng/twistercpp/build/CMakeFiles/CMakeTmp/testCCompiler.c
Linking C executable cmTryCompileExec662958559
/autofs/na4_sw/sith/cmake/2.8.10.2/rhel6_gnu4.4.6/bin/cmake -E cmake_link_script CMakeFiles/cmTryCompileExec662958559.dir/link.txt --verbose=1
/usr/lib64/ccache/cc         CMakeFiles/cmTryCompileExec662958559.dir/testCCompiler.c.o  -o cmTryCompileExec662958559 -rdynamic 
gmake[1]: Leaving directory `/autofs/na3_home1/feiteng/twistercpp/build/CMakeFiles/CMakeTmp'


Detecting C compiler ABI info compiled with the following output:
Change Dir: /ccs/home/feiteng/twistercpp/build/CMakeFiles/CMakeTmp

Run Build Command:/usr/bin/gmake "cmTryCompileExec313239572/fast"
/usr/bin/gmake -f CMakeFiles/cmTryCompileExec313239572.dir/build.make CMakeFiles/cmTryCompileExec313239572.dir/build
gmake[1]: Entering directory `/autofs/na3_home1/feiteng/twistercpp/build/CMakeFiles/CMakeTmp'
/autofs/na4_sw/sith/cmake/2.8.10.2/rhel6_gnu4.4.6/bin/cmake -E cmake_progress_report /ccs/home/feiteng/twistercpp/build/CMakeFiles/CMakeTmp/CMakeFiles 1
Building C object CMakeFiles/cmTryCompileExec313239572.dir/CMakeCCompilerABI.c.o
/usr/lib64/ccache/cc    -o CMakeFiles/cmTryCompileExec313239572.dir/CMakeCCompilerABI.c.o   -c /autofs/na4_sw/sith/cmake/2.8.10.2/rhel6_gnu4.4.6/share/cmake-2.8/Modules/CMakeCCompilerABI.c
Linking C executable cmTryCompileExec313239572
/autofs/na4_sw/sith/cmake/2.8.10.2/rhel6_gnu4.4.6/bin/cmake -E cmake_link_script CMakeFiles/cmTryCompileExec313239572.dir/link.txt --verbose=1
/usr/lib64/ccache/cc       -v CMakeFiles/cmTryCompileExec313239572.dir/CMakeCCompilerABI.c.o  -o cmTryCompileExec313239572 -rdynamic  
Using built-in specs.
Target: x86_64-redhat-linux
Configured with: ../configure --prefix=/usr --mandir=/usr/share/man --infodir=/usr/share/info --with-bugurl=http://bugzilla.redhat.com/bugzilla --enable-bootstrap --enable-shared --enable-threads=posix --enable-checking=release --with-system-zlib --enable-__cxa_atexit --disable-libunwind-exceptions --enable-gnu-unique-object --enable-languages=c,c++,objc,obj-c++,java,fortran,ada --enable-java-awt=gtk --disable-dssi --with-java-home=/usr/lib/jvm/java-1.5.0-gcj-1.5.0.0/jre --enable-libgcj-multifile --enable-java-maintainer-mode --with-ecj-jar=/usr/share/java/eclipse-ecj.jar --disable-libjava-multilib --with-ppl --with-cloog --with-tune=generic --with-arch_32=i686 --build=x86_64-redhat-linux
Thread model: posix
gcc version 4.4.7 20120313 (Red Hat 4.4.7-3) (GCC) 
COMPILER_PATH=/usr/libexec/gcc/x86_64-redhat-linux/4.4.7/:/usr/libexec/gcc/x86_64-redhat-linux/4.4.7/:/usr/libexec/gcc/x86_64-redhat-linux/:/usr/lib/gcc/x86_64-redhat-linux/4.4.7/:/usr/lib/gcc/x86_64-redhat-linux/:/usr/libexec/gcc/x86_64-redhat-linux/4.4.7/:/usr/libexec/gcc/x86_64-redhat-linux/:/usr/lib/gcc/x86_64-redhat-linux/4.4.7/:/usr/lib/gcc/x86_64-redhat-linux/
LIBRARY_PATH=/usr/lib/gcc/x86_64-redhat-linux/4.4.7/:/usr/lib/gcc/x86_64-redhat-linux/4.4.7/:/usr/lib/gcc/x86_64-redhat-linux/4.4.7/../../../../lib64/:/lib/../lib64/:/usr/lib/../lib64/:/usr/lib/gcc/x86_64-redhat-linux/4.4.7/../../../:/lib/:/usr/lib/
COLLECT_GCC_OPTIONS='-v' '-o' 'cmTryCompileExec313239572' '-rdynamic' '-mtune=generic'
 /usr/libexec/gcc/x86_64-redhat-linux/4.4.7/collect2 --eh-frame-hdr --build-id -m elf_x86_64 --hash-style=gnu -export-dynamic -dynamic-linker /lib64/ld-linux-x86-64.so.2 -o cmTryCompileExec313239572 /usr/lib/gcc/x86_64-redhat-linux/4.4.7/../../../../lib64/crt1.o /usr/lib/gcc/x86_64-redhat-linux/4.4.7/../../../../lib64/crti.o /usr/lib/gcc/x86_64-redhat-linux/4.4.7/crtbegin.o -L/usr/lib/gcc/x86_64-redhat-linux/4.4.7 -L/usr/lib/gcc/x86_64-redhat-linux/4.4.7 -L/usr/lib/gcc/x86_64-redhat-linux/4.4.7/../../../../lib64 -L/lib/../lib64 -L/usr/lib/../lib64 -L/usr/lib/gcc/x86_64-redhat-linux/4.4.7/../../.. CMakeFiles/cmTryCompileExec313239572.dir/CMakeCCompilerABI.c.o -lgcc --as-needed -lgcc_s --no-as-needed -lc -lgcc --as-needed -lgcc_s --no-as-needed /usr/lib/gcc/x86_64-redhat-linux/4.4.7/crtend.o /usr/lib/gcc/x86_64-redhat-linux/4.4.7/../../../../lib64/crtn.o
gmake[1]: Leaving directory `/autofs/na3_home1/feiteng/twistercpp/build/CMakeFiles/CMakeTmp'


Parsed C implicit link information from above output:
  link line regex: [^( *|.*[/\])(ld|ld|collect2)[^/\]*( |$)]
  ignore line: [Change Dir: /ccs/home/feiteng/twistercpp/build/CMakeFiles/CMakeTmp]
  ignore line: []
  ignore line: [Run Build Command:/usr/bin/gmake "cmTryCompileExec313239572/fast"]
  ignore line: [/usr/bin/gmake -f CMakeFiles/cmTryCompileExec313239572.dir/build.make CMakeFiles/cmTryCompileExec313239572.dir/build]
  ignore line: [gmake[1]: Entering directory `/autofs/na3_home1/feiteng/twistercpp/build/CMakeFiles/CMakeTmp']
  ignore line: [/autofs/na4_sw/sith/cmake/2.8.10.2/rhel6_gnu4.4.6/bin/cmake -E cmake_progress_report /ccs/home/feiteng/twistercpp/build/CMakeFiles/CMakeTmp/CMakeFiles 1]
  ignore line: [Building C object CMakeFiles/cmTryCompileExec313239572.dir/CMakeCCompilerABI.c.o]
  ignore line: [/usr/lib64/ccache/cc    -o CMakeFiles/cmTryCompileExec313239572.dir/CMakeCCompilerABI.c.o   -c /autofs/na4_sw/sith/cmake/2.8.10.2/rhel6_gnu4.4.6/share/cmake-2.8/Modules/CMakeCCompilerABI.c]
  ignore line: [Linking C executable cmTryCompileExec313239572]
  ignore line: [/autofs/na4_sw/sith/cmake/2.8.10.2/rhel6_gnu4.4.6/bin/cmake -E cmake_link_script CMakeFiles/cmTryCompileExec313239572.dir/link.txt --verbose=1]
  ignore line: [/usr/lib64/ccache/cc       -v CMakeFiles/cmTryCompileExec313239572.dir/CMakeCCompilerABI.c.o  -o cmTryCompileExec313239572 -rdynamic  ]
  ignore line: [Using built-in specs.]
  ignore line: [Target: x86_64-redhat-linux]
  ignore line: [Configured with: ../configure --prefix=/usr --mandir=/usr/share/man --infodir=/usr/share/info --with-bugurl=http://bugzilla.redhat.com/bugzilla --enable-bootstrap --enable-shared --enable-threads=posix --enable-checking=release --with-system-zlib --enable-__cxa_atexit --disable-libunwind-exceptions --enable-gnu-unique-object --enable-languages=c,c++,objc,obj-c++,java,fortran,ada --enable-java-awt=gtk --disable-dssi --with-java-home=/usr/lib/jvm/java-1.5.0-gcj-1.5.0.0/jre --enable-libgcj-multifile --enable-java-maintainer-mode --with-ecj-jar=/usr/share/java/eclipse-ecj.jar --disable-libjava-multilib --with-ppl --with-cloog --with-tune=generic --with-arch_32=i686 --build=x86_64-redhat-linux]
  ignore line: [Thread model: posix]
  ignore line: [gcc version 4.4.7 20120313 (Red Hat 4.4.7-3) (GCC) ]
  ignore line: [COMPILER_PATH=/usr/libexec/gcc/x86_64-redhat-linux/4.4.7/:/usr/libexec/gcc/x86_64-redhat-linux/4.4.7/:/usr/libexec/gcc/x86_64-redhat-linux/:/usr/lib/gcc/x86_64-redhat-linux/4.4.7/:/usr/lib/gcc/x86_64-redhat-linux/:/usr/libexec/gcc/x86_64-redhat-linux/4.4.7/:/usr/libexec/gcc/x86_64-redhat-linux/:/usr/lib/gcc/x86_64-redhat-linux/4.4.7/:/usr/lib/gcc/x86_64-redhat-linux/]
  ignore line: [LIBRARY_PATH=/usr/lib/gcc/x86_64-redhat-linux/4.4.7/:/usr/lib/gcc/x86_64-redhat-linux/4.4.7/:/usr/lib/gcc/x86_64-redhat-linux/4.4.7/../../../../lib64/:/lib/../lib64/:/usr/lib/../lib64/:/usr/lib/gcc/x86_64-redhat-linux/4.4.7/../../../:/lib/:/usr/lib/]
  ignore line: [COLLECT_GCC_OPTIONS='-v' '-o' 'cmTryCompileExec313239572' '-rdynamic' '-mtune=generic']
  link line: [ /usr/libexec/gcc/x86_64-redhat-linux/4.4.7/collect2 --eh-frame-hdr --build-id -m elf_x86_64 --hash-style=gnu -export-dynamic -dynamic-linker /lib64/ld-linux-x86-64.so.2 -o cmTryCompileExec313239572 /usr/lib/gcc/x86_64-redhat-linux/4.4.7/../../../../lib64/crt1.o /usr/lib/gcc/x86_64-redhat-linux/4.4.7/../../../../lib64/crti.o /usr/lib/gcc/x86_64-redhat-linux/4.4.7/crtbegin.o -L/usr/lib/gcc/x86_64-redhat-linux/4.4.7 -L/usr/lib/gcc/x86_64-redhat-linux/4.4.7 -L/usr/lib/gcc/x86_64-redhat-linux/4.4.7/../../../../lib64 -L/lib/../lib64 -L/usr/lib/../lib64 -L/usr/lib/gcc/x86_64-redhat-linux/4.4.7/../../.. CMakeFiles/cmTryCompileExec313239572.dir/CMakeCCompilerABI.c.o -lgcc --as-needed -lgcc_s --no-as-needed -lc -lgcc --as-needed -lgcc_s --no-as-needed /usr/lib/gcc/x86_64-redhat-linux/4.4.7/crtend.o /usr/lib/gcc/x86_64-redhat-linux/4.4.7/../../../../lib64/crtn.o]
    arg [/usr/libexec/gcc/x86_64-redhat-linux/4.4.7/collect2] ==> ignore
    arg [--eh-frame-hdr] ==> ignore
    arg [--build-id] ==> ignore
    arg [-m] ==> ignore
    arg [elf_x86_64] ==> ignore
    arg [--hash-style=gnu] ==> ignore
    arg [-export-dynamic] ==> ignore
    arg [-dynamic-linker] ==> ignore
    arg [/lib64/ld-linux-x86-64.so.2] ==> ignore
    arg [-o] ==> ignore
    arg [cmTryCompileExec313239572] ==> ignore
    arg [/usr/lib/gcc/x86_64-redhat-linux/4.4.7/../../../../lib64/crt1.o] ==> ignore
    arg [/usr/lib/gcc/x86_64-redhat-linux/4.4.7/../../../../lib64/crti.o] ==> ignore
    arg [/usr/lib/gcc/x86_64-redhat-linux/4.4.7/crtbegin.o] ==> ignore
    arg [-L/usr/lib/gcc/x86_64-redhat-linux/4.4.7] ==> dir [/usr/lib/gcc/x86_64-redhat-linux/4.4.7]
    arg [-L/usr/lib/gcc/x86_64-redhat-linux/4.4.7] ==> dir [/usr/lib/gcc/x86_64-redhat-linux/4.4.7]
    arg [-L/usr/lib/gcc/x86_64-redhat-linux/4.4.7/../../../../lib64] ==> dir [/usr/lib/gcc/x86_64-redhat-linux/4.4.7/../../../../lib64]
    arg [-L/lib/../lib64] ==> dir [/lib/../lib64]
    arg [-L/usr/lib/../lib64] ==> dir [/usr/lib/../lib64]
    arg [-L/usr/lib/gcc/x86_64-redhat-linux/4.4.7/../../..] ==> dir [/usr/lib/gcc/x86_64-redhat-linux/4.4.7/../../..]
    arg [CMakeFiles/cmTryCompileExec313239572.dir/CMakeCCompilerABI.c.o] ==> ignore
    arg [-lgcc] ==> lib [gcc]
    arg [--as-needed] ==> ignore
    arg [-lgcc_s] ==> lib [gcc_s]
    arg [--no-as-needed] ==> ignore
    arg [-lc] ==> lib [c]
    arg [-lgcc] ==> lib [gcc]
    arg [--as-needed] ==> ignore
    arg [-lgcc_s] ==> lib [gcc_s]
    arg [--no-as-needed] ==> ignore
    arg [/usr/lib/gcc/x86_64-redhat-linux/4.4.7/crtend.o] ==> ignore
    arg [/usr/lib/gcc/x86_64-redhat-linux/4.4.7/../../../../lib64/crtn.o] ==> ignore
  remove lib [gcc]
  remove lib [gcc_s]
  remove lib [gcc]
  remove lib [gcc_s]
  collapse dir [/usr/lib/gcc/x86_64-redhat-linux/4.4.7] ==> [/usr/lib/gcc/x86_64-redhat-linux/4.4.7]
  collapse dir [/usr/lib/gcc/x86_64-redhat-linux/4.4.7] ==> [/usr/lib/gcc/x86_64-redhat-linux/4.4.7]
  collapse dir [/usr/lib/gcc/x86_64-redhat-linux/4.4.7/../../../../lib64] ==> [/usr/lib64]
  collapse dir [/lib/../lib64] ==> [/lib64]
  collapse dir [/usr/lib/../lib64] ==> [/usr/lib64]
  collapse dir [/usr/lib/gcc/x86_64-redhat-linux/4.4.7/../../..] ==> [/usr/lib]
  implicit libs: [c]
  implicit dirs: [/usr/lib/gcc/x86_64-redhat-linux/4.4.7;/usr/lib64;/lib64;/usr/lib]


Determining if the CXX compiler works passed with the following output:
Change Dir: /ccs/home/feiteng/twistercpp/build/CMakeFiles/CMakeTmp

Run Build Command:/usr/bin/gmake "cmTryCompileExec1489725753/fast"
/usr/bin/gmake -f CMakeFiles/cmTryCompileExec1489725753.dir/build.make CMakeFiles/cmTryCompileExec1489725753.dir/build
gmake[1]: Entering directory `/autofs/na3_home1/feiteng/twistercpp/build/CMakeFiles/CMakeTmp'
/autofs/na4_sw/sith/cmake/2.8.10.2/rhel6_gnu4.4.6/bin/cmake -E cmake_progress_report /ccs/home/feiteng/twistercpp/build/CMakeFiles/CMakeTmp/CMakeFiles 1
Building CXX object CMakeFiles/cmTryCompileExec1489725753.dir/testCXXCompiler.cxx.o
/usr/lib64/ccache/c++     -o CMakeFiles/cmTryCompileExec1489725753.dir/testCXXCompiler.cxx.o -c /ccs/home/feiteng/twistercpp/build/CMakeFiles/CMakeTmp/testCXXCompiler.cxx
Linking CXX executable cmTryCompileExec1489725753
/autofs/na4_sw/sith/cmake/2.8.10.2/rhel6_gnu4.4.6/bin/cmake -E cmake_link_script CMakeFiles/cmTryCompileExec1489725753.dir/link.txt --verbose=1
/usr/lib64/ccache/c++          CMakeFiles/cmTryCompileExec1489725753.dir/testCXXCompiler.cxx.o  -o cmTryCompileExec1489725753 -rdynamic 
gmake[1]: Leaving directory `/autofs/na3_home1/feiteng/twistercpp/build/CMakeFiles/CMakeTmp'


Detecting CXX compiler ABI info compiled with the following output:
Change Dir: /ccs/home/feiteng/twistercpp/build/CMakeFiles/CMakeTmp

Run Build Command:/usr/bin/gmake "cmTryCompileExec3156848648/fast"
/usr/bin/gmake -f CMakeFiles/cmTryCompileExec3156848648.dir/build.make CMakeFiles/cmTryCompileExec3156848648.dir/build
gmake[1]: Entering directory `/autofs/na3_home1/feiteng/twistercpp/build/CMakeFiles/CMakeTmp'
/autofs/na4_sw/sith/cmake/2.8.10.2/rhel6_gnu4.4.6/bin/cmake -E cmake_progress_report /ccs/home/feiteng/twistercpp/build/CMakeFiles/CMakeTmp/CMakeFiles 1
Building CXX object CMakeFiles/cmTryCompileExec3156848648.dir/CMakeCXXCompilerABI.cpp.o
/usr/lib64/ccache/c++     -o CMakeFiles/cmTryCompileExec3156848648.dir/CMakeCXXCompilerABI.cpp.o -c /autofs/na4_sw/sith/cmake/2.8.10.2/rhel6_gnu4.4.6/share/cmake-2.8/Modules/CMakeCXXCompilerABI.cpp
Linking CXX executable cmTryCompileExec3156848648
/autofs/na4_sw/sith/cmake/2.8.10.2/rhel6_gnu4.4.6/bin/cmake -E cmake_link_script CMakeFiles/cmTryCompileExec3156848648.dir/link.txt --verbose=1
/usr/lib64/ccache/c++        -v CMakeFiles/cmTryCompileExec3156848648.dir/CMakeCXXCompilerABI.cpp.o  -o cmTryCompileExec3156848648 -rdynamic  
Using built-in specs.
COLLECT_GCC=/ccs/compilers/gcc/rhel6-x86_64/4.7.1/bin/c++
COLLECT_LTO_WRAPPER=/autofs/na3_compilers/gcc/rhel6-x86_64/4.7.1/bin/../libexec/gcc/x86_64-redhat-linux/4.7.1/lto-wrapper
Target: x86_64-redhat-linux
Configured with: ../gcc-4.7.1/configure --build=x86_64-redhat-linux --prefix=/ccs/compilers/gcc/rhel6-x86_64/4.7.1 --libdir=/ccs/compilers/gcc/rhel6-x86_64/4.7.1/lib64 --with-gmp-include=/ccs/compilers/gcc/rhel6-x86_64/4.7.1/include --with-gmp-lib=/ccs/compilers/gcc/rhel6-x86_64/4.7.1/lib64 --with-mpfr-include=/ccs/compilers/gcc/rhel6-x86_64/4.7.1/include --with-mpfr-lib=/ccs/compilers/gcc/rhel6-x86_64/4.7.1/lib64 --with-mpc-include=/ccs/compilers/gcc/rhel6-x86_64/4.7.1/include --with-mpc-lib=/ccs/compilers/gcc/rhel6-x86_64/4.7.1/lib64
Thread model: posix
gcc version 4.7.1 (GCC) 
COMPILER_PATH=/autofs/na3_compilers/gcc/rhel6-x86_64/4.7.1/bin/../libexec/gcc/x86_64-redhat-linux/4.7.1/:/autofs/na3_compilers/gcc/rhel6-x86_64/4.7.1/bin/../libexec/gcc/
LIBRARY_PATH=/autofs/na3_compilers/gcc/rhel6-x86_64/4.7.1/bin/../lib64/gcc/x86_64-redhat-linux/4.7.1/:/autofs/na3_compilers/gcc/rhel6-x86_64/4.7.1/bin/../lib64/gcc/:/autofs/na3_compilers/gcc/rhel6-x86_64/4.7.1/bin/../lib64/gcc/x86_64-redhat-linux/4.7.1/../../../../lib64/:/lib/../lib64/:/usr/lib/../lib64/:/autofs/na3_compilers/gcc/rhel6-x86_64/4.7.1/bin/../lib64/gcc/x86_64-redhat-linux/4.7.1/../../../:/lib/:/usr/lib/
COLLECT_GCC_OPTIONS='-v' '-o' 'cmTryCompileExec3156848648' '-rdynamic' '-shared-libgcc' '-mtune=generic' '-march=x86-64'
 /autofs/na3_compilers/gcc/rhel6-x86_64/4.7.1/bin/../libexec/gcc/x86_64-redhat-linux/4.7.1/collect2 --eh-frame-hdr -m elf_x86_64 -export-dynamic -dynamic-linker /lib64/ld-linux-x86-64.so.2 -o cmTryCompileExec3156848648 /usr/lib/../lib64/crt1.o /usr/lib/../lib64/crti.o /autofs/na3_compilers/gcc/rhel6-x86_64/4.7.1/bin/../lib64/gcc/x86_64-redhat-linux/4.7.1/crtbegin.o -L/autofs/na3_compilers/gcc/rhel6-x86_64/4.7.1/bin/../lib64/gcc/x86_64-redhat-linux/4.7.1 -L/autofs/na3_compilers/gcc/rhel6-x86_64/4.7.1/bin/../lib64/gcc -L/autofs/na3_compilers/gcc/rhel6-x86_64/4.7.1/bin/../lib64/gcc/x86_64-redhat-linux/4.7.1/../../../../lib64 -L/lib/../lib64 -L/usr/lib/../lib64 -L/autofs/na3_compilers/gcc/rhel6-x86_64/4.7.1/bin/../lib64/gcc/x86_64-redhat-linux/4.7.1/../../.. CMakeFiles/cmTryCompileExec3156848648.dir/CMakeCXXCompilerABI.cpp.o -lstdc++ -lm -lgcc_s -lgcc -lc -lgcc_s -lgcc /autofs/na3_compilers/gcc/rhel6-x86_64/4.7.1/bin/../lib64/gcc/x86_64-redhat-linux/4.7.1/crtend.o /usr/lib/../lib64/crtn.o
gmake[1]: Leaving directory `/autofs/na3_home1/feiteng/twistercpp/build/CMakeFiles/CMakeTmp'


Parsed CXX implicit link information from above output:
  link line regex: [^( *|.*[/\])(ld|ld|collect2)[^/\]*( |$)]
  ignore line: [Change Dir: /ccs/home/feiteng/twistercpp/build/CMakeFiles/CMakeTmp]
  ignore line: []
  ignore line: [Run Build Command:/usr/bin/gmake "cmTryCompileExec3156848648/fast"]
  ignore line: [/usr/bin/gmake -f CMakeFiles/cmTryCompileExec3156848648.dir/build.make CMakeFiles/cmTryCompileExec3156848648.dir/build]
  ignore line: [gmake[1]: Entering directory `/autofs/na3_home1/feiteng/twistercpp/build/CMakeFiles/CMakeTmp']
  ignore line: [/autofs/na4_sw/sith/cmake/2.8.10.2/rhel6_gnu4.4.6/bin/cmake -E cmake_progress_report /ccs/home/feiteng/twistercpp/build/CMakeFiles/CMakeTmp/CMakeFiles 1]
  ignore line: [Building CXX object CMakeFiles/cmTryCompileExec3156848648.dir/CMakeCXXCompilerABI.cpp.o]
  ignore line: [/usr/lib64/ccache/c++     -o CMakeFiles/cmTryCompileExec3156848648.dir/CMakeCXXCompilerABI.cpp.o -c /autofs/na4_sw/sith/cmake/2.8.10.2/rhel6_gnu4.4.6/share/cmake-2.8/Modules/CMakeCXXCompilerABI.cpp]
  ignore line: [Linking CXX executable cmTryCompileExec3156848648]
  ignore line: [/autofs/na4_sw/sith/cmake/2.8.10.2/rhel6_gnu4.4.6/bin/cmake -E cmake_link_script CMakeFiles/cmTryCompileExec3156848648.dir/link.txt --verbose=1]
  ignore line: [/usr/lib64/ccache/c++        -v CMakeFiles/cmTryCompileExec3156848648.dir/CMakeCXXCompilerABI.cpp.o  -o cmTryCompileExec3156848648 -rdynamic  ]
  ignore line: [Using built-in specs.]
  ignore line: [COLLECT_GCC=/ccs/compilers/gcc/rhel6-x86_64/4.7.1/bin/c++]
  ignore line: [COLLECT_LTO_WRAPPER=/autofs/na3_compilers/gcc/rhel6-x86_64/4.7.1/bin/../libexec/gcc/x86_64-redhat-linux/4.7.1/lto-wrapper]
  ignore line: [Target: x86_64-redhat-linux]
  ignore line: [Configured with: ../gcc-4.7.1/configure --build=x86_64-redhat-linux --prefix=/ccs/compilers/gcc/rhel6-x86_64/4.7.1 --libdir=/ccs/compilers/gcc/rhel6-x86_64/4.7.1/lib64 --with-gmp-include=/ccs/compilers/gcc/rhel6-x86_64/4.7.1/include --with-gmp-lib=/ccs/compilers/gcc/rhel6-x86_64/4.7.1/lib64 --with-mpfr-include=/ccs/compilers/gcc/rhel6-x86_64/4.7.1/include --with-mpfr-lib=/ccs/compilers/gcc/rhel6-x86_64/4.7.1/lib64 --with-mpc-include=/ccs/compilers/gcc/rhel6-x86_64/4.7.1/include --with-mpc-lib=/ccs/compilers/gcc/rhel6-x86_64/4.7.1/lib64]
  ignore line: [Thread model: posix]
  ignore line: [gcc version 4.7.1 (GCC) ]
  ignore line: [COMPILER_PATH=/autofs/na3_compilers/gcc/rhel6-x86_64/4.7.1/bin/../libexec/gcc/x86_64-redhat-linux/4.7.1/:/autofs/na3_compilers/gcc/rhel6-x86_64/4.7.1/bin/../libexec/gcc/]
  ignore line: [LIBRARY_PATH=/autofs/na3_compilers/gcc/rhel6-x86_64/4.7.1/bin/../lib64/gcc/x86_64-redhat-linux/4.7.1/:/autofs/na3_compilers/gcc/rhel6-x86_64/4.7.1/bin/../lib64/gcc/:/autofs/na3_compilers/gcc/rhel6-x86_64/4.7.1/bin/../lib64/gcc/x86_64-redhat-linux/4.7.1/../../../../lib64/:/lib/../lib64/:/usr/lib/../lib64/:/autofs/na3_compilers/gcc/rhel6-x86_64/4.7.1/bin/../lib64/gcc/x86_64-redhat-linux/4.7.1/../../../:/lib/:/usr/lib/]
  ignore line: [COLLECT_GCC_OPTIONS='-v' '-o' 'cmTryCompileExec3156848648' '-rdynamic' '-shared-libgcc' '-mtune=generic' '-march=x86-64']
  link line: [ /autofs/na3_compilers/gcc/rhel6-x86_64/4.7.1/bin/../libexec/gcc/x86_64-redhat-linux/4.7.1/collect2 --eh-frame-hdr -m elf_x86_64 -export-dynamic -dynamic-linker /lib64/ld-linux-x86-64.so.2 -o cmTryCompileExec3156848648 /usr/lib/../lib64/crt1.o /usr/lib/../lib64/crti.o /autofs/na3_compilers/gcc/rhel6-x86_64/4.7.1/bin/../lib64/gcc/x86_64-redhat-linux/4.7.1/crtbegin.o -L/autofs/na3_compilers/gcc/rhel6-x86_64/4.7.1/bin/../lib64/gcc/x86_64-redhat-linux/4.7.1 -L/autofs/na3_compilers/gcc/rhel6-x86_64/4.7.1/bin/../lib64/gcc -L/autofs/na3_compilers/gcc/rhel6-x86_64/4.7.1/bin/../lib64/gcc/x86_64-redhat-linux/4.7.1/../../../../lib64 -L/lib/../lib64 -L/usr/lib/../lib64 -L/autofs/na3_compilers/gcc/rhel6-x86_64/4.7.1/bin/../lib64/gcc/x86_64-redhat-linux/4.7.1/../../.. CMakeFiles/cmTryCompileExec3156848648.dir/CMakeCXXCompilerABI.cpp.o -lstdc++ -lm -lgcc_s -lgcc -lc -lgcc_s -lgcc /autofs/na3_compilers/gcc/rhel6-x86_64/4.7.1/bin/../lib64/gcc/x86_64-redhat-linux/4.7.1/crtend.o /usr/lib/../lib64/crtn.o]
    arg [/autofs/na3_compilers/gcc/rhel6-x86_64/4.7.1/bin/../libexec/gcc/x86_64-redhat-linux/4.7.1/collect2] ==> ignore
    arg [--eh-frame-hdr] ==> ignore
    arg [-m] ==> ignore
    arg [elf_x86_64] ==> ignore
    arg [-export-dynamic] ==> ignore
    arg [-dynamic-linker] ==> ignore
    arg [/lib64/ld-linux-x86-64.so.2] ==> ignore
    arg [-o] ==> ignore
    arg [cmTryCompileExec3156848648] ==> ignore
    arg [/usr/lib/../lib64/crt1.o] ==> ignore
    arg [/usr/lib/../lib64/crti.o] ==> ignore
    arg [/autofs/na3_compilers/gcc/rhel6-x86_64/4.7.1/bin/../lib64/gcc/x86_64-redhat-linux/4.7.1/crtbegin.o] ==> ignore
    arg [-L/autofs/na3_compilers/gcc/rhel6-x86_64/4.7.1/bin/../lib64/gcc/x86_64-redhat-linux/4.7.1] ==> dir [/autofs/na3_compilers/gcc/rhel6-x86_64/4.7.1/bin/../lib64/gcc/x86_64-redhat-linux/4.7.1]
    arg [-L/autofs/na3_compilers/gcc/rhel6-x86_64/4.7.1/bin/../lib64/gcc] ==> dir [/autofs/na3_compilers/gcc/rhel6-x86_64/4.7.1/bin/../lib64/gcc]
    arg [-L/autofs/na3_compilers/gcc/rhel6-x86_64/4.7.1/bin/../lib64/gcc/x86_64-redhat-linux/4.7.1/../../../../lib64] ==> dir [/autofs/na3_compilers/gcc/rhel6-x86_64/4.7.1/bin/../lib64/gcc/x86_64-redhat-linux/4.7.1/../../../../lib64]
    arg [-L/lib/../lib64] ==> dir [/lib/../lib64]
    arg [-L/usr/lib/../lib64] ==> dir [/usr/lib/../lib64]
    arg [-L/autofs/na3_compilers/gcc/rhel6-x86_64/4.7.1/bin/../lib64/gcc/x86_64-redhat-linux/4.7.1/../../..] ==> dir [/autofs/na3_compilers/gcc/rhel6-x86_64/4.7.1/bin/../lib64/gcc/x86_64-redhat-linux/4.7.1/../../..]
    arg [CMakeFiles/cmTryCompileExec3156848648.dir/CMakeCXXCompilerABI.cpp.o] ==> ignore
    arg [-lstdc++] ==> lib [stdc++]
    arg [-lm] ==> lib [m]
    arg [-lgcc_s] ==> lib [gcc_s]
    arg [-lgcc] ==> lib [gcc]
    arg [-lc] ==> lib [c]
    arg [-lgcc_s] ==> lib [gcc_s]
    arg [-lgcc] ==> lib [gcc]
    arg [/autofs/na3_compilers/gcc/rhel6-x86_64/4.7.1/bin/../lib64/gcc/x86_64-redhat-linux/4.7.1/crtend.o] ==> ignore
    arg [/usr/lib/../lib64/crtn.o] ==> ignore
  remove lib [gcc_s]
  remove lib [gcc]
  remove lib [gcc_s]
  remove lib [gcc]
  collapse dir [/autofs/na3_compilers/gcc/rhel6-x86_64/4.7.1/bin/../lib64/gcc/x86_64-redhat-linux/4.7.1] ==> [/autofs/na3_compilers/gcc/rhel6-x86_64/4.7.1/lib64/gcc/x86_64-redhat-linux/4.7.1]
  collapse dir [/autofs/na3_compilers/gcc/rhel6-x86_64/4.7.1/bin/../lib64/gcc] ==> [/autofs/na3_compilers/gcc/rhel6-x86_64/4.7.1/lib64/gcc]
  collapse dir [/autofs/na3_compilers/gcc/rhel6-x86_64/4.7.1/bin/../lib64/gcc/x86_64-redhat-linux/4.7.1/../../../../lib64] ==> [/autofs/na3_compilers/gcc/rhel6-x86_64/4.7.1/lib64]
  collapse dir [/lib/../lib64] ==> [/lib64]
  collapse dir [/usr/lib/../lib64] ==> [/usr/lib64]
  collapse dir [/autofs/na3_compilers/gcc/rhel6-x86_64/4.7.1/bin/../lib64/gcc/x86_64-redhat-linux/4.7.1/../../..] ==> [/autofs/na3_compilers/gcc/rhel6-x86_64/4.7.1/lib64]
  implicit libs: [stdc++;m;c]
  implicit dirs: [/autofs/na3_compilers/gcc/rhel6-x86_64/4.7.1/lib64/gcc/x86_64-redhat-linux/4.7.1;/autofs/na3_compilers/gcc/rhel6-x86_64/4.7.1/lib64/gcc;/autofs/na3_compilers/gcc/rhel6-x86_64/4.7.1/lib64;/lib64;/usr/lib64]


